<?xml version="1.0" encoding="UTF-8"?>
<!-- Generated by org.testng.reporters.JUnitXMLReporter -->
<testsuite hostname="cpm10155.local" ignored="7" name="Personal loan" tests="2" failures="0" timestamp="06 Nov 2019 11:34:52 GMT" time="46.768" errors="0">
  <testcase name="testWithMultipleDataSet" time="8.932" classname="tests.EcommerceTC1"/>
  <testcase name="testWithMultipleDataSet" time="6.267" classname="tests.EcommerceTC1"/>
  <testcase name="helloTest" time="0.0" classname="tests.EcommerceTC1">
    <ignored/>
  </testcase> <!-- helloTest -->
  <testcase name="hybridWebviewOperations" time="0.0" classname="tests.EcommerceTC1">
    <ignored/>
  </testcase> <!-- hybridWebviewOperations -->
  <testcase name="validateSumOfProductsIsEqualToTotalAmount" time="0.0" classname="tests.EcommerceTC1">
    <ignored/>
  </testcase> <!-- validateSumOfProductsIsEqualToTotalAmount -->
  <testcase name="verifyToastErrorMessage" time="0.0" classname="tests.EcommerceTC1">
    <ignored/>
  </testcase> <!-- verifyToastErrorMessage -->
  <testcase name="tapAndLongPress" time="0.0" classname="tests.EcommerceTC1">
    <ignored/>
  </testcase> <!-- tapAndLongPress -->
  <testcase name="testCaseForFailing" time="0.0" classname="tests.EcommerceTC1">
    <ignored/>
  </testcase> <!-- testCaseForFailing -->
  <testcase name="validateAndAddItemToShopCart" time="0.0" classname="tests.EcommerceTC1">
    <ignored/>
  </testcase> <!-- validateAndAddItemToShopCart -->
</testsuite> <!-- Personal loan -->
