<?xml version="1.0" encoding="UTF-8"?>
<testng-results skipped="0" failed="0" ignored="7" total="9" passed="2">
  <reporter-output>
  </reporter-output>
  <suite name="SMOKE" duration-ms="46768" started-at="2019-11-06T11:34:05Z" finished-at="2019-11-06T11:34:52Z">
    <groups>
    </groups>
    <test name="Personal loan" duration-ms="46768" started-at="2019-11-06T11:34:05Z" finished-at="2019-11-06T11:34:52Z">
      <class name="tests.EcommerceTC1">
        <test-method status="PASS" signature="setup()[pri:0, instance:tests.EcommerceTC1@1753acfe]" name="setup" is-config="true" duration-ms="29610" started-at="2019-11-06T11:34:05Z" finished-at="2019-11-06T11:34:35Z">
          <reporter-output>
          </reporter-output>
        </test-method> <!-- setup -->
        <test-method status="PASS" signature="startServer()[pri:0, instance:tests.EcommerceTC1@1753acfe]" name="startServer" is-config="true" duration-ms="875" started-at="2019-11-06T11:34:35Z" finished-at="2019-11-06T11:34:36Z">
          <reporter-output>
          </reporter-output>
        </test-method> <!-- startServer -->
        <test-method status="PASS" signature="testWithMultipleDataSet(java.lang.String)[pri:0, instance:tests.EcommerceTC1@1753acfe]" name="testWithMultipleDataSet" duration-ms="8932" started-at="2019-11-06T11:34:36Z" data-provider="InputData" finished-at="2019-11-06T11:34:44Z">
          <params>
            <param index="0">
              <value>
                <![CDATA[Hello test]]>
              </value>
            </param>
          </params>
          <reporter-output>
          </reporter-output>
        </test-method> <!-- testWithMultipleDataSet -->
        <test-method status="PASS" signature="testWithMultipleDataSet(java.lang.String)[pri:0, instance:tests.EcommerceTC1@1753acfe]" name="testWithMultipleDataSet" duration-ms="6267" started-at="2019-11-06T11:34:44Z" data-provider="InputData" finished-at="2019-11-06T11:34:51Z">
          <params>
            <param index="0">
              <value>
                <![CDATA[Another hello test !@#$%]]>
              </value>
            </param>
          </params>
          <reporter-output>
          </reporter-output>
        </test-method> <!-- testWithMultipleDataSet -->
        <test-method status="PASS" signature="stopServer()[pri:0, instance:tests.EcommerceTC1@1753acfe]" name="stopServer" is-config="true" duration-ms="1049" started-at="2019-11-06T11:34:51Z" finished-at="2019-11-06T11:34:52Z">
          <reporter-output>
          </reporter-output>
        </test-method> <!-- stopServer -->
      </class> <!-- tests.EcommerceTC1 -->
    </test> <!-- Personal loan -->
  </suite> <!-- SMOKE -->
</testng-results>
